<?xml version="1.0" encoding="UTF-8"?>
<!-- Generated by org.testng.reporters.JUnitXMLReporter -->
<testsuite ignored="0" hostname="AMAN" failures="1" tests="4" name="Search and Cart and Checkout" time="42.839" errors="0" timestamp="2025-08-05T16:42:35 IST">
  <testcase classname="TestCases.SearchPageTest" name="search" time="1.112"/>
  <testcase classname="TestCases.SearchPageTest" name="search" time="1.313"/>
  <testcase classname="TestCases.AddToCartPageTest" name="cart" time="6.705">
    <failure type="java.lang.AssertionError" message="Fail expected [ 2 item(s) - $725.20] but found [0 item(s) - $0.00]">
      <![CDATA[java.lang.AssertionError: Fail expected [ 2 item(s) - $725.20] but found [0 item(s) - $0.00]
at TestCases.AddToCartPageTest.cart(AddToCartPageTest.java:36)
at java.base/java.util.ArrayList.forEach(ArrayList.java:1596)
... Removed 30 stack frames]]>
    </failure>
  </testcase> <!-- cart -->
  <testcase classname="TestCases.CheckoutPageTest" name="checkout" time="1.632"/>
</testsuite> <!-- Search and Cart and Checkout -->
